
=== Tue May  5 00:34:18 2026

Packages were changed.
Update Mode: updateDependencies

The following packages were added:
  com.unity.modules.adaptiveperformance@1.0.0
  com.unity.modules.vectorgraphics@1.0.0
  com.unity.ai.navigation@2.0.12
  com.unity.modules.accessibility@1.0.0
  com.unity.multiplayer.center@1.0.1
The following packages were updated:
  com.unity.2d.animation from version 7.0.9 to 14.0.3
  com.unity.2d.pixel-perfect from version 5.0.3 to 5.1.1
  com.unity.2d.psdimporter from version 6.0.6 to 13.0.2
  com.unity.2d.spriteshape from version 7.0.6 to 14.0.1
  com.unity.2d.tilemap.extras from version 2.2.3 to 7.0.1
  com.unity.collab-proxy from version 1.17.7 to 2.12.4
  com.unity.ide.rider from version 3.0.16 to 3.0.39
  com.unity.ide.visualstudio from version 2.0.16 to 2.0.27
  com.unity.test-framework from version 1.1.31 to 1.6.0
  com.unity.timeline from version 1.6.4 to 1.8.12
  com.unity.ugui from version 1.0.0 to 2.0.0
  com.unity.visualscripting from version 1.7.8 to 1.9.11
The following packages were removed:
  com.unity.textmeshpro@3.0.6
